Mar-01 16:31:03.221 [main] DEBUG nextflow.cli.Launcher - $> nextflow run ../../nextflow/workflows/single-sample.nf -profile local -params-file ../../nextflow/yaml/SC1/params_single_sample_10k_sc1.yaml -ansi-log false -with-report /sc1/groups/onco/Analysis/bioinfo_analyses/kimh89/SBX/bfx-ngs-AVC-225/pipeline/examples/SC1/output_single_sample_10k_params/report.html -with-timeline /sc1/groups/onco/Analysis/bioinfo_analyses/kimh89/SBX/bfx-ngs-AVC-225/pipeline/examples/SC1/output_single_sample_10k_params/timeline.html -with-trace /sc1/groups/onco/Analysis/bioinfo_analyses/kimh89/SBX/bfx-ngs-AVC-225/pipeline/examples/SC1/output_single_sample_10k_params/trace.txt -w /sc1/groups/onco/Analysis/bioinfo_analyses/kimh89/SBX/bfx-ngs-AVC-225/pipeline/examples/SC1/output_single_sample_10k_params/work --sampleNmae cfDNA6 --sampleFastq /sc1/groups/onco/Analysis/bioinfo_analyses/kimh89/SBX/bfx-ngs-AVC-225/pipeline/examples/SC1/output_demux_10k_params/analysis/demux/cfDNA6/cfDNA6.demuxed.fq.gz --reference /sc1/groups/bfx-red/data/datainsights/reference_genome/human/hg38decoy/GCA_000001405.15_GRCh38_no_alt_plus_hs38d1_analysis_set.fa --regions /sc1/groups/naa/DATA/SBX/pipeline/resource/regions3.bed --splitByChrom true --finalDir /sc1/groups/onco/Analysis/bioinfo_analyses/kimh89/SBX/bfx-ngs-AVC-225/pipeline/examples/SC1/output_single_sample_10k_params
Mar-01 16:31:03.332 [main] INFO  nextflow.cli.CmdRun - N E X T F L O W  ~  version 20.10.0
Mar-01 16:31:03.372 [main] INFO  nextflow.cli.CmdRun - Launching `../../nextflow/workflows/single-sample.nf` [serene_shockley] - revision: 0fdb5cd783
Mar-01 16:31:03.396 [main] DEBUG nextflow.config.ConfigBuilder - Found config base: /sc1/groups/onco/Analysis/bioinfo_analyses/kimh89/SBX/bfx-ngs-AVC-225/pipeline/nextflow/workflows/nextflow.config
Mar-01 16:31:03.398 [main] DEBUG nextflow.config.ConfigBuilder - Parsing config file: /sc1/groups/onco/Analysis/bioinfo_analyses/kimh89/SBX/bfx-ngs-AVC-225/pipeline/nextflow/workflows/nextflow.config
Mar-01 16:31:03.535 [main] DEBUG nextflow.config.ConfigBuilder - Applying config profile: `local`
Mar-01 16:31:04.334 [main] DEBUG nextflow.config.ConfigBuilder - Available config profiles: [standard, cluster, local]
Mar-01 16:31:04.390 [main] DEBUG nextflow.Session - Session uuid: ca548b9a-00df-479a-af4b-dc325b13d264
Mar-01 16:31:04.390 [main] DEBUG nextflow.Session - Run name: serene_shockley
Mar-01 16:31:04.391 [main] DEBUG nextflow.Session - Executor pool size: 28
Mar-01 16:31:04.456 [main] DEBUG nextflow.cli.CmdRun - 
  Version: 20.10.0 build 5430
  Created: 01-11-2020 15:14 UTC (07:14 PDT)
  System: Linux 3.10.0-1160.53.1.el7.x86_64
  Runtime: Groovy 3.0.5 on Java HotSpot(TM) 64-Bit Server VM 11.0.2+9-LTS
  Encoding: UTF-8 (UTF-8)
  Process: 6550@lb100hmdev [10.164.94.100]
  CPUs: 28 - Mem: 503.3 GB (375 GB) - Swap: 36 GB (25.4 GB)
Mar-01 16:31:04.481 [main] DEBUG nextflow.Session - Work-dir: /sc1/groups/onco/Analysis/bioinfo_analyses/kimh89/SBX/bfx-ngs-AVC-225/pipeline/examples/SC1/output_single_sample_10k_params/work [gpfs]
Mar-01 16:31:04.481 [main] DEBUG nextflow.Session - Script base path does not exist or is not a directory: /sc1/groups/onco/Analysis/bioinfo_analyses/kimh89/SBX/bfx-ngs-AVC-225/pipeline/nextflow/workflows/bin
Mar-01 16:31:04.517 [main] DEBUG nextflow.Session - Observer factory: TowerFactory
Mar-01 16:31:04.520 [main] DEBUG nextflow.Session - Observer factory: DefaultObserverFactory
Mar-01 16:31:04.701 [main] DEBUG nextflow.Session - Session start invoked
Mar-01 16:31:04.705 [main] DEBUG nextflow.trace.TraceFileObserver - Flow starting -- trace file: /sc1/groups/onco/Analysis/bioinfo_analyses/kimh89/SBX/bfx-ngs-AVC-225/pipeline/examples/SC1/output_single_sample_10k_params/trace.txt
Mar-01 16:31:05.079 [main] DEBUG nextflow.script.ScriptRunner - > Launching execution
Mar-01 16:31:05.501 [main] DEBUG nextflow.Session - Workflow process names [dsl2]: consensusGen, umiCluster, align, postAln, splitBam, mergeBam
Mar-01 16:31:05.523 [main] WARN  nextflow.Session - There's no process matching config selector: demux
Mar-01 16:31:05.525 [main] WARN  nextflow.Session - There's no process matching config selector: mergeSampleFq
Mar-01 16:31:05.525 [main] WARN  nextflow.Session - There's no process matching config selector: cpuDemux
Mar-01 16:31:05.599 [main] DEBUG nextflow.script.ProcessConfig - Config settings `withName:align` matches process align
Mar-01 16:31:05.608 [main] DEBUG nextflow.executor.ExecutorFactory - << taskConfig executor: local
Mar-01 16:31:05.608 [main] DEBUG nextflow.executor.ExecutorFactory - >> processorType: 'local'
Mar-01 16:31:05.613 [main] DEBUG nextflow.executor.Executor - [warm up] executor > local
Mar-01 16:31:05.618 [main] DEBUG n.processor.LocalPollingMonitor - Creating local task monitor for executor 'local' > cpus=28; memory=503.3 GB; capacity=28; pollInterval=100ms; dumpInterval=5m
Mar-01 16:31:05.711 [main] DEBUG nextflow.script.ProcessConfig - Config settings `withName:splitBam` matches process splitBam
Mar-01 16:31:05.713 [main] DEBUG nextflow.executor.ExecutorFactory - << taskConfig executor: local
Mar-01 16:31:05.713 [main] DEBUG nextflow.executor.ExecutorFactory - >> processorType: 'local'
Mar-01 16:31:05.739 [main] DEBUG nextflow.script.ProcessConfig - Config settings `withName:umiCluster` matches process umiCluster
Mar-01 16:31:05.740 [main] DEBUG nextflow.executor.ExecutorFactory - << taskConfig executor: local
Mar-01 16:31:05.740 [main] DEBUG nextflow.executor.ExecutorFactory - >> processorType: 'local'
Mar-01 16:31:05.749 [main] DEBUG nextflow.script.ProcessConfig - Config settings `withName:consensusGen` matches process consensusGen
Mar-01 16:31:05.751 [main] DEBUG nextflow.executor.ExecutorFactory - << taskConfig executor: local
Mar-01 16:31:05.751 [main] DEBUG nextflow.executor.ExecutorFactory - >> processorType: 'local'
Mar-01 16:31:05.759 [main] DEBUG nextflow.script.ProcessConfig - Config settings `withName:postAln` matches process postAln
Mar-01 16:31:05.759 [main] DEBUG nextflow.executor.ExecutorFactory - << taskConfig executor: local
Mar-01 16:31:05.759 [main] DEBUG nextflow.executor.ExecutorFactory - >> processorType: 'local'
Mar-01 16:31:05.783 [main] DEBUG nextflow.script.ProcessConfig - Config settings `withName:mergeBam` matches process mergeBam
Mar-01 16:31:05.784 [main] DEBUG nextflow.executor.ExecutorFactory - << taskConfig executor: local
Mar-01 16:31:05.784 [main] DEBUG nextflow.executor.ExecutorFactory - >> processorType: 'local'
Mar-01 16:31:05.787 [main] DEBUG nextflow.Session - Ignite dataflow network (9)
Mar-01 16:31:05.792 [main] DEBUG nextflow.processor.TaskProcessor - Starting process > align
Mar-01 16:31:05.793 [main] DEBUG nextflow.processor.TaskProcessor - Starting process > splitBam
Mar-01 16:31:05.794 [main] DEBUG nextflow.processor.TaskProcessor - Starting process > umiCluster
Mar-01 16:31:05.794 [main] DEBUG nextflow.processor.TaskProcessor - Starting process > consensusGen
Mar-01 16:31:05.795 [main] DEBUG nextflow.processor.TaskProcessor - Starting process > postAln
Mar-01 16:31:05.796 [main] DEBUG nextflow.processor.TaskProcessor - Starting process > mergeBam
Mar-01 16:31:05.797 [main] DEBUG nextflow.script.ScriptRunner - > Await termination 
Mar-01 16:31:05.798 [main] DEBUG nextflow.Session - Session await
Mar-01 16:31:05.941 [Task submitter] DEBUG nextflow.executor.LocalTaskHandler - Launch cmd line: /bin/bash -ue .command.run
Mar-01 16:31:05.947 [Task submitter] INFO  nextflow.Session - [8b/552780] Submitted process > align (cfDNA6)
Mar-01 16:31:16.814 [Task monitor] DEBUG n.processor.TaskPollingMonitor - Task completed > TaskHandler[id: 1; name: align (cfDNA6); status: COMPLETED; exit: 0; error: -; workDir: /sc1/groups/onco/Analysis/bioinfo_analyses/kimh89/SBX/bfx-ngs-AVC-225/pipeline/examples/SC1/output_single_sample_10k_params/work/8b/552780dea80bbf77a3ad0719add936]
Mar-01 16:31:16.844 [Task monitor] DEBUG n.util.BlockingThreadExecutorFactory - Thread pool name=FileTransfer; maxThreads=84; maxQueueSize=252; keepAlive=1m
Mar-01 16:31:16.866 [Task submitter] DEBUG nextflow.executor.LocalTaskHandler - Launch cmd line: /bin/bash -ue .command.run
Mar-01 16:31:16.866 [Task submitter] INFO  nextflow.Session - [65/9019e3] Submitted process > splitBam (cfDNA6)
Mar-01 16:31:17.943 [Task monitor] DEBUG n.processor.TaskPollingMonitor - Task completed > TaskHandler[id: 2; name: splitBam (cfDNA6); status: COMPLETED; exit: 0; error: -; workDir: /sc1/groups/onco/Analysis/bioinfo_analyses/kimh89/SBX/bfx-ngs-AVC-225/pipeline/examples/SC1/output_single_sample_10k_params/work/65/9019e3cc2b4199dd5204468b9d2958]
Mar-01 16:31:17.995 [Task submitter] DEBUG nextflow.executor.LocalTaskHandler - Launch cmd line: /bin/bash -ue .command.run
Mar-01 16:31:17.995 [Task submitter] INFO  nextflow.Session - [44/4c3862] Submitted process > umiCluster (cfDNA6-chr17)
Mar-01 16:31:18.004 [Task submitter] DEBUG nextflow.executor.LocalTaskHandler - Launch cmd line: /bin/bash -ue .command.run
Mar-01 16:31:18.004 [Task submitter] INFO  nextflow.Session - [f5/93834e] Submitted process > umiCluster (cfDNA6-chr16)
Mar-01 16:31:18.011 [Task submitter] DEBUG nextflow.executor.LocalTaskHandler - Launch cmd line: /bin/bash -ue .command.run
Mar-01 16:31:18.012 [Task submitter] INFO  nextflow.Session - [ba/4ecf1a] Submitted process > umiCluster (cfDNA6-chr12)
Mar-01 16:31:18.795 [Task monitor] DEBUG n.processor.TaskPollingMonitor - Task completed > TaskHandler[id: 6; name: umiCluster (cfDNA6-chr12); status: COMPLETED; exit: 0; error: -; workDir: /sc1/groups/onco/Analysis/bioinfo_analyses/kimh89/SBX/bfx-ngs-AVC-225/pipeline/examples/SC1/output_single_sample_10k_params/work/ba/4ecf1aa7139590334753e590972f7a]
Mar-01 16:31:18.802 [Task submitter] DEBUG nextflow.executor.LocalTaskHandler - Launch cmd line: /bin/bash -ue .command.run
Mar-01 16:31:18.802 [Task submitter] INFO  nextflow.Session - [7f/a77823] Submitted process > umiCluster (cfDNA6-chr20)
Mar-01 16:31:18.829 [Task monitor] DEBUG n.processor.TaskPollingMonitor - Task completed > TaskHandler[id: 11; name: umiCluster (cfDNA6-chr17); status: COMPLETED; exit: 0; error: -; workDir: /sc1/groups/onco/Analysis/bioinfo_analyses/kimh89/SBX/bfx-ngs-AVC-225/pipeline/examples/SC1/output_single_sample_10k_params/work/44/4c3862e6319f98c7da5406fd42b38a]
Mar-01 16:31:18.835 [Task submitter] DEBUG nextflow.executor.LocalTaskHandler - Launch cmd line: /bin/bash -ue .command.run
Mar-01 16:31:18.835 [Task submitter] INFO  nextflow.Session - [55/cd2e8e] Submitted process > umiCluster (cfDNA6-chr2)
Mar-01 16:31:18.836 [Task monitor] DEBUG n.processor.TaskPollingMonitor - Task completed > TaskHandler[id: 10; name: umiCluster (cfDNA6-chr16); status: COMPLETED; exit: 0; error: -; workDir: /sc1/groups/onco/Analysis/bioinfo_analyses/kimh89/SBX/bfx-ngs-AVC-225/pipeline/examples/SC1/output_single_sample_10k_params/work/f5/93834e3c965b7a2705b9da620455ae]
Mar-01 16:31:18.842 [Task submitter] DEBUG nextflow.executor.LocalTaskHandler - Launch cmd line: /bin/bash -ue .command.run
Mar-01 16:31:18.843 [Task submitter] INFO  nextflow.Session - [7a/2ae967] Submitted process > umiCluster (cfDNA6-chr9)
Mar-01 16:31:19.570 [Task monitor] DEBUG n.processor.TaskPollingMonitor - Task completed > TaskHandler[id: 24; name: umiCluster (cfDNA6-chr9); status: COMPLETED; exit: 0; error: -; workDir: /sc1/groups/onco/Analysis/bioinfo_analyses/kimh89/SBX/bfx-ngs-AVC-225/pipeline/examples/SC1/output_single_sample_10k_params/work/7a/2ae9671b5d4fb4fa3a14fd056b4247]
Mar-01 16:31:19.576 [Task submitter] DEBUG nextflow.executor.LocalTaskHandler - Launch cmd line: /bin/bash -ue .command.run
Mar-01 16:31:19.577 [Task submitter] INFO  nextflow.Session - [a2/85a778] Submitted process > umiCluster (cfDNA6-chr15)
Mar-01 16:31:19.610 [Task monitor] DEBUG n.processor.TaskPollingMonitor - Task completed > TaskHandler[id: 15; name: umiCluster (cfDNA6-chr20); status: COMPLETED; exit: 0; error: -; workDir: /sc1/groups/onco/Analysis/bioinfo_analyses/kimh89/SBX/bfx-ngs-AVC-225/pipeline/examples/SC1/output_single_sample_10k_params/work/7f/a778235975ffd4b9668529aafeb8e6]
Mar-01 16:31:19.616 [Task submitter] DEBUG nextflow.executor.LocalTaskHandler - Launch cmd line: /bin/bash -ue .command.run
Mar-01 16:31:19.617 [Task submitter] INFO  nextflow.Session - [20/afca14] Submitted process > umiCluster (cfDNA6-chr13)
Mar-01 16:31:19.637 [Task monitor] DEBUG n.processor.TaskPollingMonitor - Task completed > TaskHandler[id: 13; name: umiCluster (cfDNA6-chr2); status: COMPLETED; exit: 0; error: -; workDir: /sc1/groups/onco/Analysis/bioinfo_analyses/kimh89/SBX/bfx-ngs-AVC-225/pipeline/examples/SC1/output_single_sample_10k_params/work/55/cd2e8e1de523583b0d861ca0b71ab8]
Mar-01 16:31:19.642 [Task submitter] DEBUG nextflow.executor.LocalTaskHandler - Launch cmd line: /bin/bash -ue .command.run
Mar-01 16:31:19.643 [Task submitter] INFO  nextflow.Session - [38/c94854] Submitted process > umiCluster (cfDNA6-chr19)
Mar-01 16:31:20.421 [Task monitor] DEBUG n.processor.TaskPollingMonitor - Task completed > TaskHandler[id: 9; name: umiCluster (cfDNA6-chr15); status: COMPLETED; exit: 0; error: -; workDir: /sc1/groups/onco/Analysis/bioinfo_analyses/kimh89/SBX/bfx-ngs-AVC-225/pipeline/examples/SC1/output_single_sample_10k_params/work/a2/85a778c9096002d30f640cda55632b]
Mar-01 16:31:20.426 [Task submitter] DEBUG nextflow.executor.LocalTaskHandler - Launch cmd line: /bin/bash -ue .command.run
Mar-01 16:31:20.426 [Task monitor] DEBUG n.processor.TaskPollingMonitor - Task completed > TaskHandler[id: 7; name: umiCluster (cfDNA6-chr13); status: COMPLETED; exit: 0; error: -; workDir: /sc1/groups/onco/Analysis/bioinfo_analyses/kimh89/SBX/bfx-ngs-AVC-225/pipeline/examples/SC1/output_single_sample_10k_params/work/20/afca14b27166c15b6e0de45384d062]
Mar-01 16:31:20.427 [Task submitter] INFO  nextflow.Session - [eb/5e0054] Submitted process > umiCluster (cfDNA6-chr1)
Mar-01 16:31:20.431 [Task submitter] DEBUG nextflow.executor.LocalTaskHandler - Launch cmd line: /bin/bash -ue .command.run
Mar-01 16:31:20.431 [Task submitter] INFO  nextflow.Session - [db/4f5690] Submitted process > umiCluster (cfDNA6-chr11)
Mar-01 16:31:20.441 [Task monitor] DEBUG n.processor.TaskPollingMonitor - Task completed > TaskHandler[id: 14; name: umiCluster (cfDNA6-chr19); status: COMPLETED; exit: 0; error: -; workDir: /sc1/groups/onco/Analysis/bioinfo_analyses/kimh89/SBX/bfx-ngs-AVC-225/pipeline/examples/SC1/output_single_sample_10k_params/work/38/c9485421ac98d000eb9c6e4f27fed8]
Mar-01 16:31:20.445 [Task submitter] DEBUG nextflow.executor.LocalTaskHandler - Launch cmd line: /bin/bash -ue .command.run
Mar-01 16:31:20.445 [Task submitter] INFO  nextflow.Session - [79/51f7bd] Submitted process > umiCluster (cfDNA6-chr14)
Mar-01 16:31:21.172 [Task monitor] DEBUG n.processor.TaskPollingMonitor - Task completed > TaskHandler[id: 3; name: umiCluster (cfDNA6-chr1); status: COMPLETED; exit: 0; error: -; workDir: /sc1/groups/onco/Analysis/bioinfo_analyses/kimh89/SBX/bfx-ngs-AVC-225/pipeline/examples/SC1/output_single_sample_10k_params/work/eb/5e0054d0ab3ca77c79941946d03980]
Mar-01 16:31:21.177 [Task monitor] DEBUG n.processor.TaskPollingMonitor - Task completed > TaskHandler[id: 8; name: umiCluster (cfDNA6-chr14); status: COMPLETED; exit: 0; error: -; workDir: /sc1/groups/onco/Analysis/bioinfo_analyses/kimh89/SBX/bfx-ngs-AVC-225/pipeline/examples/SC1/output_single_sample_10k_params/work/79/51f7bdeaee55cb6f5270aebe745e3f]
Mar-01 16:31:21.178 [Task submitter] DEBUG nextflow.executor.LocalTaskHandler - Launch cmd line: /bin/bash -ue .command.run
Mar-01 16:31:21.180 [Task submitter] INFO  nextflow.Session - [bc/26fd8a] Submitted process > umiCluster (cfDNA6-chr10)
Mar-01 16:31:21.188 [Task submitter] DEBUG nextflow.executor.LocalTaskHandler - Launch cmd line: /bin/bash -ue .command.run
Mar-01 16:31:21.188 [Task submitter] INFO  nextflow.Session - [23/3c7767] Submitted process > umiCluster (cfDNA6-chr18)
Mar-01 16:31:21.198 [Task monitor] DEBUG n.processor.TaskPollingMonitor - Task completed > TaskHandler[id: 5; name: umiCluster (cfDNA6-chr11); status: COMPLETED; exit: 0; error: -; workDir: /sc1/groups/onco/Analysis/bioinfo_analyses/kimh89/SBX/bfx-ngs-AVC-225/pipeline/examples/SC1/output_single_sample_10k_params/work/db/4f5690feb06c9b0e2090523878995d]
Mar-01 16:31:21.203 [Task submitter] DEBUG nextflow.executor.LocalTaskHandler - Launch cmd line: /bin/bash -ue .command.run
Mar-01 16:31:21.203 [Task submitter] INFO  nextflow.Session - [49/a06248] Submitted process > umiCluster (cfDNA6-chr4)
Mar-01 16:31:21.937 [Task monitor] DEBUG n.processor.TaskPollingMonitor - Task completed > TaskHandler[id: 22; name: umiCluster (cfDNA6-chr4); status: COMPLETED; exit: 0; error: -; workDir: /sc1/groups/onco/Analysis/bioinfo_analyses/kimh89/SBX/bfx-ngs-AVC-225/pipeline/examples/SC1/output_single_sample_10k_params/work/49/a062482c82642b3bfa4061d04094c3]
Mar-01 16:31:21.942 [Task submitter] DEBUG nextflow.executor.LocalTaskHandler - Launch cmd line: /bin/bash -ue .command.run
Mar-01 16:31:21.942 [Task submitter] INFO  nextflow.Session - [36/7a3dc0] Submitted process > umiCluster (cfDNA6-chr21)
Mar-01 16:31:21.994 [Task monitor] DEBUG n.processor.TaskPollingMonitor - Task completed > TaskHandler[id: 12; name: umiCluster (cfDNA6-chr18); status: COMPLETED; exit: 0; error: -; workDir: /sc1/groups/onco/Analysis/bioinfo_analyses/kimh89/SBX/bfx-ngs-AVC-225/pipeline/examples/SC1/output_single_sample_10k_params/work/23/3c776734616b57d8405d05ea006fb1]
Mar-01 16:31:21.999 [Task submitter] DEBUG nextflow.executor.LocalTaskHandler - Launch cmd line: /bin/bash -ue .command.run
Mar-01 16:31:21.999 [Task submitter] INFO  nextflow.Session - [e6/191c38] Submitted process > umiCluster (cfDNA6-chrM)
Mar-01 16:31:22.038 [Task monitor] DEBUG n.processor.TaskPollingMonitor - Task completed > TaskHandler[id: 4; name: umiCluster (cfDNA6-chr10); status: COMPLETED; exit: 0; error: -; workDir: /sc1/groups/onco/Analysis/bioinfo_analyses/kimh89/SBX/bfx-ngs-AVC-225/pipeline/examples/SC1/output_single_sample_10k_params/work/bc/26fd8a4dace3df8a725847fee71378]
Mar-01 16:31:22.043 [Task submitter] DEBUG nextflow.executor.LocalTaskHandler - Launch cmd line: /bin/bash -ue .command.run
Mar-01 16:31:22.043 [Task submitter] INFO  nextflow.Session - [df/6b4566] Submitted process > umiCluster (cfDNA6-chr8)
Mar-01 16:31:22.770 [Task monitor] DEBUG n.processor.TaskPollingMonitor - Task completed > TaskHandler[id: 25; name: umiCluster (cfDNA6-chrM); status: COMPLETED; exit: 0; error: -; workDir: /sc1/groups/onco/Analysis/bioinfo_analyses/kimh89/SBX/bfx-ngs-AVC-225/pipeline/examples/SC1/output_single_sample_10k_params/work/e6/191c381c6491c8d4841cfa142caf61]
Mar-01 16:31:22.776 [Task submitter] DEBUG nextflow.executor.LocalTaskHandler - Launch cmd line: /bin/bash -ue .command.run
Mar-01 16:31:22.777 [Task submitter] INFO  nextflow.Session - [93/e833e5] Submitted process > umiCluster (cfDNA6-chr7)
Mar-01 16:31:22.808 [Task monitor] DEBUG n.processor.TaskPollingMonitor - Task completed > TaskHandler[id: 19; name: umiCluster (cfDNA6-chr21); status: COMPLETED; exit: 0; error: -; workDir: /sc1/groups/onco/Analysis/bioinfo_analyses/kimh89/SBX/bfx-ngs-AVC-225/pipeline/examples/SC1/output_single_sample_10k_params/work/36/7a3dc0c58ca8ca919fee320442ab47]
Mar-01 16:31:22.813 [Task submitter] DEBUG nextflow.executor.LocalTaskHandler - Launch cmd line: /bin/bash -ue .command.run
Mar-01 16:31:22.813 [Task submitter] INFO  nextflow.Session - [b5/8648ca] Submitted process > umiCluster (cfDNA6-chrY)
Mar-01 16:31:22.837 [Task monitor] DEBUG n.processor.TaskPollingMonitor - Task completed > TaskHandler[id: 23; name: umiCluster (cfDNA6-chr8); status: COMPLETED; exit: 0; error: -; workDir: /sc1/groups/onco/Analysis/bioinfo_analyses/kimh89/SBX/bfx-ngs-AVC-225/pipeline/examples/SC1/output_single_sample_10k_params/work/df/6b456625cef95d7fa0763b94020954]
Mar-01 16:31:22.841 [Task submitter] DEBUG nextflow.executor.LocalTaskHandler - Launch cmd line: /bin/bash -ue .command.run
Mar-01 16:31:22.841 [Task submitter] INFO  nextflow.Session - [2e/2cd5ee] Submitted process > umiCluster (cfDNA6-chr3)
Mar-01 16:31:23.572 [Task monitor] DEBUG n.processor.TaskPollingMonitor - Task completed > TaskHandler[id: 18; name: umiCluster (cfDNA6-chr7); status: COMPLETED; exit: 0; error: -; workDir: /sc1/groups/onco/Analysis/bioinfo_analyses/kimh89/SBX/bfx-ngs-AVC-225/pipeline/examples/SC1/output_single_sample_10k_params/work/93/e833e5cc10a0006d5798250b7c053e]
Mar-01 16:31:23.579 [Task monitor] DEBUG n.processor.TaskPollingMonitor - Task completed > TaskHandler[id: 27; name: umiCluster (cfDNA6-chrY); status: COMPLETED; exit: 0; error: -; workDir: /sc1/groups/onco/Analysis/bioinfo_analyses/kimh89/SBX/bfx-ngs-AVC-225/pipeline/examples/SC1/output_single_sample_10k_params/work/b5/8648ca2053432387a0495608de09b6]
Mar-01 16:31:23.580 [Task submitter] DEBUG nextflow.executor.LocalTaskHandler - Launch cmd line: /bin/bash -ue .command.run
Mar-01 16:31:23.580 [Task submitter] INFO  nextflow.Session - [27/8a2b7e] Submitted process > umiCluster (cfDNA6-chr5)
Mar-01 16:31:23.586 [Task submitter] DEBUG nextflow.executor.LocalTaskHandler - Launch cmd line: /bin/bash -ue .command.run
Mar-01 16:31:23.587 [Task submitter] INFO  nextflow.Session - [94/af722e] Submitted process > umiCluster (cfDNA6-scaffolds)
Mar-01 16:31:23.611 [Task monitor] DEBUG n.processor.TaskPollingMonitor - Task completed > TaskHandler[id: 20; name: umiCluster (cfDNA6-chr3); status: COMPLETED; exit: 0; error: -; workDir: /sc1/groups/onco/Analysis/bioinfo_analyses/kimh89/SBX/bfx-ngs-AVC-225/pipeline/examples/SC1/output_single_sample_10k_params/work/2e/2cd5eee1c3fb996b9a260f18b2868a]
Mar-01 16:31:23.628 [Task submitter] DEBUG nextflow.executor.LocalTaskHandler - Launch cmd line: /bin/bash -ue .command.run
Mar-01 16:31:23.629 [Task submitter] INFO  nextflow.Session - [1b/866b65] Submitted process > umiCluster (cfDNA6-chr22)
Mar-01 16:31:24.415 [Task monitor] DEBUG n.processor.TaskPollingMonitor - Task completed > TaskHandler[id: 16; name: umiCluster (cfDNA6-chr22); status: COMPLETED; exit: 0; error: -; workDir: /sc1/groups/onco/Analysis/bioinfo_analyses/kimh89/SBX/bfx-ngs-AVC-225/pipeline/examples/SC1/output_single_sample_10k_params/work/1b/866b650f2ea2fb6606d907b8e25db4]
Mar-01 16:31:24.419 [Task submitter] DEBUG nextflow.executor.LocalTaskHandler - Launch cmd line: /bin/bash -ue .command.run
Mar-01 16:31:24.419 [Task submitter] INFO  nextflow.Session - [dd/976df5] Submitted process > umiCluster (cfDNA6-chr6)
Mar-01 16:31:24.449 [Task monitor] DEBUG n.processor.TaskPollingMonitor - Task completed > TaskHandler[id: 17; name: umiCluster (cfDNA6-chr5); status: COMPLETED; exit: 0; error: -; workDir: /sc1/groups/onco/Analysis/bioinfo_analyses/kimh89/SBX/bfx-ngs-AVC-225/pipeline/examples/SC1/output_single_sample_10k_params/work/27/8a2b7e854a71704cbf4244c30c6b12]
Mar-01 16:31:24.454 [Task monitor] DEBUG n.processor.TaskPollingMonitor - Task completed > TaskHandler[id: 28; name: umiCluster (cfDNA6-scaffolds); status: COMPLETED; exit: 0; error: -; workDir: /sc1/groups/onco/Analysis/bioinfo_analyses/kimh89/SBX/bfx-ngs-AVC-225/pipeline/examples/SC1/output_single_sample_10k_params/work/94/af722e8c17507d4971f2e0a1584c13]
Mar-01 16:31:24.454 [Task submitter] DEBUG nextflow.executor.LocalTaskHandler - Launch cmd line: /bin/bash -ue .command.run
Mar-01 16:31:24.454 [Task submitter] INFO  nextflow.Session - [53/e8c743] Submitted process > umiCluster (cfDNA6-chrX)
Mar-01 16:31:24.458 [Task submitter] DEBUG nextflow.executor.LocalTaskHandler - Launch cmd line: /bin/bash -ue .command.run
Mar-01 16:31:24.458 [Task submitter] INFO  nextflow.Session - [3a/b3b82a] Submitted process > consensusGen (cfDNA6-chr12)
Mar-01 16:31:25.085 [Task monitor] DEBUG n.processor.TaskPollingMonitor - Task completed > TaskHandler[id: 21; name: umiCluster (cfDNA6-chr6); status: COMPLETED; exit: 0; error: -; workDir: /sc1/groups/onco/Analysis/bioinfo_analyses/kimh89/SBX/bfx-ngs-AVC-225/pipeline/examples/SC1/output_single_sample_10k_params/work/dd/976df59bebcf43c286514bb9dea55c]
Mar-01 16:31:25.089 [Task submitter] DEBUG nextflow.executor.LocalTaskHandler - Launch cmd line: /bin/bash -ue .command.run
Mar-01 16:31:25.090 [Task submitter] INFO  nextflow.Session - [22/c3d9a6] Submitted process > consensusGen (cfDNA6-chr17)
Mar-01 16:31:25.314 [Task monitor] DEBUG n.processor.TaskPollingMonitor - Task completed > TaskHandler[id: 26; name: umiCluster (cfDNA6-chrX); status: COMPLETED; exit: 0; error: -; workDir: /sc1/groups/onco/Analysis/bioinfo_analyses/kimh89/SBX/bfx-ngs-AVC-225/pipeline/examples/SC1/output_single_sample_10k_params/work/53/e8c74313e4e882d9b972af808159a3]
Mar-01 16:31:25.319 [Task submitter] DEBUG nextflow.executor.LocalTaskHandler - Launch cmd line: /bin/bash -ue .command.run
Mar-01 16:31:25.319 [Task submitter] INFO  nextflow.Session - [7c/fca374] Submitted process > consensusGen (cfDNA6-chr16)
Mar-01 16:31:25.347 [Task monitor] DEBUG n.processor.TaskPollingMonitor - Task completed > TaskHandler[id: 29; name: consensusGen (cfDNA6-chr12); status: COMPLETED; exit: 0; error: -; workDir: /sc1/groups/onco/Analysis/bioinfo_analyses/kimh89/SBX/bfx-ngs-AVC-225/pipeline/examples/SC1/output_single_sample_10k_params/work/3a/b3b82aa3558e9464cdddff07290ca2]
Mar-01 16:31:25.356 [Task submitter] DEBUG nextflow.executor.LocalTaskHandler - Launch cmd line: /bin/bash -ue .command.run
Mar-01 16:31:25.357 [Task submitter] INFO  nextflow.Session - [1a/8a21d9] Submitted process > consensusGen (cfDNA6-chr9)
Mar-01 16:31:25.833 [Task monitor] DEBUG n.processor.TaskPollingMonitor - Task completed > TaskHandler[id: 30; name: consensusGen (cfDNA6-chr17); status: COMPLETED; exit: 0; error: -; workDir: /sc1/groups/onco/Analysis/bioinfo_analyses/kimh89/SBX/bfx-ngs-AVC-225/pipeline/examples/SC1/output_single_sample_10k_params/work/22/c3d9a681164ccf1e1bd71b872798c0]
Mar-01 16:31:25.837 [Task submitter] DEBUG nextflow.executor.LocalTaskHandler - Launch cmd line: /bin/bash -ue .command.run
Mar-01 16:31:25.838 [Task submitter] INFO  nextflow.Session - [78/901273] Submitted process > consensusGen (cfDNA6-chr20)
Mar-01 16:31:26.063 [Task monitor] DEBUG n.processor.TaskPollingMonitor - Task completed > TaskHandler[id: 31; name: consensusGen (cfDNA6-chr16); status: COMPLETED; exit: 0; error: -; workDir: /sc1/groups/onco/Analysis/bioinfo_analyses/kimh89/SBX/bfx-ngs-AVC-225/pipeline/examples/SC1/output_single_sample_10k_params/work/7c/fca3744a6dd0f2b2dcf0111ca1c7d1]
Mar-01 16:31:26.067 [Task submitter] DEBUG nextflow.executor.LocalTaskHandler - Launch cmd line: /bin/bash -ue .command.run
Mar-01 16:31:26.068 [Task submitter] INFO  nextflow.Session - [fe/bb0a62] Submitted process > consensusGen (cfDNA6-chr2)
Mar-01 16:31:26.075 [Task monitor] DEBUG n.processor.TaskPollingMonitor - Task completed > TaskHandler[id: 32; name: consensusGen (cfDNA6-chr9); status: COMPLETED; exit: 0; error: -; workDir: /sc1/groups/onco/Analysis/bioinfo_analyses/kimh89/SBX/bfx-ngs-AVC-225/pipeline/examples/SC1/output_single_sample_10k_params/work/1a/8a21d963281057bf21e2de385ee971]
Mar-01 16:31:26.079 [Task submitter] DEBUG nextflow.executor.LocalTaskHandler - Launch cmd line: /bin/bash -ue .command.run
Mar-01 16:31:26.079 [Task submitter] INFO  nextflow.Session - [e4/09ea82] Submitted process > consensusGen (cfDNA6-chr15)
Mar-01 16:31:26.600 [Task monitor] DEBUG n.processor.TaskPollingMonitor - Task completed > TaskHandler[id: 33; name: consensusGen (cfDNA6-chr20); status: COMPLETED; exit: 0; error: -; workDir: /sc1/groups/onco/Analysis/bioinfo_analyses/kimh89/SBX/bfx-ngs-AVC-225/pipeline/examples/SC1/output_single_sample_10k_params/work/78/90127386e1203f25b13c4b49687095]
Mar-01 16:31:26.605 [Task submitter] DEBUG nextflow.executor.LocalTaskHandler - Launch cmd line: /bin/bash -ue .command.run
Mar-01 16:31:26.605 [Task submitter] INFO  nextflow.Session - [fe/f6d9b0] Submitted process > consensusGen (cfDNA6-chr13)
Mar-01 16:31:26.762 [Task monitor] DEBUG n.processor.TaskPollingMonitor - Task completed > TaskHandler[id: 35; name: consensusGen (cfDNA6-chr15); status: COMPLETED; exit: 0; error: -; workDir: /sc1/groups/onco/Analysis/bioinfo_analyses/kimh89/SBX/bfx-ngs-AVC-225/pipeline/examples/SC1/output_single_sample_10k_params/work/e4/09ea820cfa572f232bea1b9cdcbf94]
Mar-01 16:31:26.767 [Task submitter] DEBUG nextflow.executor.LocalTaskHandler - Launch cmd line: /bin/bash -ue .command.run
Mar-01 16:31:26.767 [Task submitter] INFO  nextflow.Session - [12/6ac28d] Submitted process > consensusGen (cfDNA6-chr19)
Mar-01 16:31:26.796 [Task monitor] DEBUG n.processor.TaskPollingMonitor - Task completed > TaskHandler[id: 34; name: consensusGen (cfDNA6-chr2); status: COMPLETED; exit: 0; error: -; workDir: /sc1/groups/onco/Analysis/bioinfo_analyses/kimh89/SBX/bfx-ngs-AVC-225/pipeline/examples/SC1/output_single_sample_10k_params/work/fe/bb0a62574f6ea4453cc674f5b2fb76]
Mar-01 16:31:26.800 [Task submitter] DEBUG nextflow.executor.LocalTaskHandler - Launch cmd line: /bin/bash -ue .command.run
Mar-01 16:31:26.800 [Task submitter] INFO  nextflow.Session - [77/f3fad1] Submitted process > consensusGen (cfDNA6-chr1)
Mar-01 16:31:27.484 [Task monitor] DEBUG n.processor.TaskPollingMonitor - Task completed > TaskHandler[id: 36; name: consensusGen (cfDNA6-chr13); status: COMPLETED; exit: 0; error: -; workDir: /sc1/groups/onco/Analysis/bioinfo_analyses/kimh89/SBX/bfx-ngs-AVC-225/pipeline/examples/SC1/output_single_sample_10k_params/work/fe/f6d9b012cc9a7e7f4cf72743ca174c]
Mar-01 16:31:27.487 [Task monitor] DEBUG n.processor.TaskPollingMonitor - Task completed > TaskHandler[id: 37; name: consensusGen (cfDNA6-chr19); status: COMPLETED; exit: 0; error: -; workDir: /sc1/groups/onco/Analysis/bioinfo_analyses/kimh89/SBX/bfx-ngs-AVC-225/pipeline/examples/SC1/output_single_sample_10k_params/work/12/6ac28dedf5b4831d27d835f0e62282]
Mar-01 16:31:27.488 [Task submitter] DEBUG nextflow.executor.LocalTaskHandler - Launch cmd line: /bin/bash -ue .command.run
Mar-01 16:31:27.489 [Task submitter] INFO  nextflow.Session - [d4/5b7d06] Submitted process > consensusGen (cfDNA6-chr14)
Mar-01 16:31:27.495 [Task submitter] DEBUG nextflow.executor.LocalTaskHandler - Launch cmd line: /bin/bash -ue .command.run
Mar-01 16:31:27.495 [Task submitter] INFO  nextflow.Session - [c5/0a44cb] Submitted process > consensusGen (cfDNA6-chr11)
Mar-01 16:31:27.523 [Task monitor] DEBUG n.processor.TaskPollingMonitor - Task completed > TaskHandler[id: 38; name: consensusGen (cfDNA6-chr1); status: COMPLETED; exit: 0; error: -; workDir: /sc1/groups/onco/Analysis/bioinfo_analyses/kimh89/SBX/bfx-ngs-AVC-225/pipeline/examples/SC1/output_single_sample_10k_params/work/77/f3fad1ca3b3be9eae23459595c0fcc]
Mar-01 16:31:27.532 [Task submitter] DEBUG nextflow.executor.LocalTaskHandler - Launch cmd line: /bin/bash -ue .command.run
Mar-01 16:31:27.532 [Task submitter] INFO  nextflow.Session - [4b/185195] Submitted process > consensusGen (cfDNA6-chr4)
Mar-01 16:31:28.262 [Task monitor] DEBUG n.processor.TaskPollingMonitor - Task completed > TaskHandler[id: 41; name: consensusGen (cfDNA6-chr4); status: COMPLETED; exit: 0; error: -; workDir: /sc1/groups/onco/Analysis/bioinfo_analyses/kimh89/SBX/bfx-ngs-AVC-225/pipeline/examples/SC1/output_single_sample_10k_params/work/4b/18519518d8dccc00bc4f009f5c1298]
Mar-01 16:31:28.267 [Task submitter] DEBUG nextflow.executor.LocalTaskHandler - Launch cmd line: /bin/bash -ue .command.run
Mar-01 16:31:28.267 [Task submitter] INFO  nextflow.Session - [f3/435dcc] Submitted process > consensusGen (cfDNA6-chr18)
Mar-01 16:31:28.296 [Task monitor] DEBUG n.processor.TaskPollingMonitor - Task completed > TaskHandler[id: 39; name: consensusGen (cfDNA6-chr14); status: COMPLETED; exit: 0; error: -; workDir: /sc1/groups/onco/Analysis/bioinfo_analyses/kimh89/SBX/bfx-ngs-AVC-225/pipeline/examples/SC1/output_single_sample_10k_params/work/d4/5b7d06accc43b6352588805c072f1d]
Mar-01 16:31:28.299 [Task monitor] DEBUG n.processor.TaskPollingMonitor - Task completed > TaskHandler[id: 40; name: consensusGen (cfDNA6-chr11); status: COMPLETED; exit: 0; error: -; workDir: /sc1/groups/onco/Analysis/bioinfo_analyses/kimh89/SBX/bfx-ngs-AVC-225/pipeline/examples/SC1/output_single_sample_10k_params/work/c5/0a44cb245ba2032e003cf69627a55e]
Mar-01 16:31:28.301 [Task submitter] DEBUG nextflow.executor.LocalTaskHandler - Launch cmd line: /bin/bash -ue .command.run
Mar-01 16:31:28.302 [Task submitter] INFO  nextflow.Session - [18/e41aca] Submitted process > consensusGen (cfDNA6-chr10)
Mar-01 16:31:28.305 [Task submitter] DEBUG nextflow.executor.LocalTaskHandler - Launch cmd line: /bin/bash -ue .command.run
Mar-01 16:31:28.305 [Task submitter] INFO  nextflow.Session - [68/79dffd] Submitted process > consensusGen (cfDNA6-chrM)
Mar-01 16:31:29.051 [Task monitor] DEBUG n.processor.TaskPollingMonitor - Task completed > TaskHandler[id: 43; name: consensusGen (cfDNA6-chr10); status: COMPLETED; exit: 0; error: -; workDir: /sc1/groups/onco/Analysis/bioinfo_analyses/kimh89/SBX/bfx-ngs-AVC-225/pipeline/examples/SC1/output_single_sample_10k_params/work/18/e41acae4147f345df4abe4a934b4f8]
Mar-01 16:31:29.055 [Task submitter] DEBUG nextflow.executor.LocalTaskHandler - Launch cmd line: /bin/bash -ue .command.run
Mar-01 16:31:29.055 [Task submitter] INFO  nextflow.Session - [db/6f3392] Submitted process > consensusGen (cfDNA6-chr21)
Mar-01 16:31:29.079 [Task monitor] DEBUG n.processor.TaskPollingMonitor - Task completed > TaskHandler[id: 42; name: consensusGen (cfDNA6-chr18); status: COMPLETED; exit: 0; error: -; workDir: /sc1/groups/onco/Analysis/bioinfo_analyses/kimh89/SBX/bfx-ngs-AVC-225/pipeline/examples/SC1/output_single_sample_10k_params/work/f3/435dcc9ea9951adaf7c62cc1624510]
Mar-01 16:31:29.082 [Task monitor] DEBUG n.processor.TaskPollingMonitor - Task completed > TaskHandler[id: 44; name: consensusGen (cfDNA6-chrM); status: COMPLETED; exit: 0; error: -; workDir: /sc1/groups/onco/Analysis/bioinfo_analyses/kimh89/SBX/bfx-ngs-AVC-225/pipeline/examples/SC1/output_single_sample_10k_params/work/68/79dffd6956cb1a6f2f68f3cca18d31]
Mar-01 16:31:29.083 [Task submitter] DEBUG nextflow.executor.LocalTaskHandler - Launch cmd line: /bin/bash -ue .command.run
Mar-01 16:31:29.083 [Task submitter] INFO  nextflow.Session - [d7/37585f] Submitted process > consensusGen (cfDNA6-chr8)
Mar-01 16:31:29.086 [Task submitter] DEBUG nextflow.executor.LocalTaskHandler - Launch cmd line: /bin/bash -ue .command.run
Mar-01 16:31:29.087 [Task submitter] INFO  nextflow.Session - [0e/f5bfc3] Submitted process > consensusGen (cfDNA6-chr7)
Mar-01 16:31:29.853 [Task monitor] DEBUG n.processor.TaskPollingMonitor - Task completed > TaskHandler[id: 45; name: consensusGen (cfDNA6-chr21); status: COMPLETED; exit: 0; error: -; workDir: /sc1/groups/onco/Analysis/bioinfo_analyses/kimh89/SBX/bfx-ngs-AVC-225/pipeline/examples/SC1/output_single_sample_10k_params/work/db/6f339212d31daf979b1777a47d1fba]
Mar-01 16:31:29.857 [Task submitter] DEBUG nextflow.executor.LocalTaskHandler - Launch cmd line: /bin/bash -ue .command.run
Mar-01 16:31:29.857 [Task submitter] INFO  nextflow.Session - [f7/282ed9] Submitted process > consensusGen (cfDNA6-chrY)
Mar-01 16:31:29.864 [Task monitor] DEBUG n.processor.TaskPollingMonitor - Task completed > TaskHandler[id: 47; name: consensusGen (cfDNA6-chr7); status: COMPLETED; exit: 0; error: -; workDir: /sc1/groups/onco/Analysis/bioinfo_analyses/kimh89/SBX/bfx-ngs-AVC-225/pipeline/examples/SC1/output_single_sample_10k_params/work/0e/f5bfc3862cf73b3d9c5b774b94bbef]
Mar-01 16:31:29.867 [Task submitter] DEBUG nextflow.executor.LocalTaskHandler - Launch cmd line: /bin/bash -ue .command.run
Mar-01 16:31:29.868 [Task submitter] INFO  nextflow.Session - [14/89cd94] Submitted process > consensusGen (cfDNA6-chr3)
Mar-01 16:31:29.881 [Task monitor] DEBUG n.processor.TaskPollingMonitor - Task completed > TaskHandler[id: 46; name: consensusGen (cfDNA6-chr8); status: COMPLETED; exit: 0; error: -; workDir: /sc1/groups/onco/Analysis/bioinfo_analyses/kimh89/SBX/bfx-ngs-AVC-225/pipeline/examples/SC1/output_single_sample_10k_params/work/d7/37585f1d1cb89dc2896b3c59193059]
Mar-01 16:31:29.885 [Task submitter] DEBUG nextflow.executor.LocalTaskHandler - Launch cmd line: /bin/bash -ue .command.run
Mar-01 16:31:29.885 [Task submitter] INFO  nextflow.Session - [8b/63aec6] Submitted process > consensusGen (cfDNA6-chr22)
Mar-01 16:31:30.542 [Task monitor] DEBUG n.processor.TaskPollingMonitor - Task completed > TaskHandler[id: 48; name: consensusGen (cfDNA6-chrY); status: COMPLETED; exit: 0; error: -; workDir: /sc1/groups/onco/Analysis/bioinfo_analyses/kimh89/SBX/bfx-ngs-AVC-225/pipeline/examples/SC1/output_single_sample_10k_params/work/f7/282ed994e57bef47148ce314bdb5ce]
Mar-01 16:31:30.546 [Task submitter] DEBUG nextflow.executor.LocalTaskHandler - Launch cmd line: /bin/bash -ue .command.run
Mar-01 16:31:30.546 [Task submitter] INFO  nextflow.Session - [cc/74d189] Submitted process > consensusGen (cfDNA6-chr5)
Mar-01 16:31:30.711 [Task monitor] DEBUG n.processor.TaskPollingMonitor - Task completed > TaskHandler[id: 50; name: consensusGen (cfDNA6-chr22); status: COMPLETED; exit: 0; error: -; workDir: /sc1/groups/onco/Analysis/bioinfo_analyses/kimh89/SBX/bfx-ngs-AVC-225/pipeline/examples/SC1/output_single_sample_10k_params/work/8b/63aec64a3763c263289a76e61e5a72]
Mar-01 16:31:30.716 [Task submitter] DEBUG nextflow.executor.LocalTaskHandler - Launch cmd line: /bin/bash -ue .command.run
Mar-01 16:31:30.716 [Task submitter] INFO  nextflow.Session - [76/4d06ce] Submitted process > consensusGen (cfDNA6-scaffolds)
Mar-01 16:31:30.739 [Task monitor] DEBUG n.processor.TaskPollingMonitor - Task completed > TaskHandler[id: 49; name: consensusGen (cfDNA6-chr3); status: COMPLETED; exit: 0; error: -; workDir: /sc1/groups/onco/Analysis/bioinfo_analyses/kimh89/SBX/bfx-ngs-AVC-225/pipeline/examples/SC1/output_single_sample_10k_params/work/14/89cd9477d2a45e131ae150b06424e7]
Mar-01 16:31:30.743 [Task submitter] DEBUG nextflow.executor.LocalTaskHandler - Launch cmd line: /bin/bash -ue .command.run
Mar-01 16:31:30.743 [Task submitter] INFO  nextflow.Session - [96/bb3df4] Submitted process > consensusGen (cfDNA6-chr6)
Mar-01 16:31:31.357 [Task monitor] DEBUG n.processor.TaskPollingMonitor - Task completed > TaskHandler[id: 51; name: consensusGen (cfDNA6-chr5); status: COMPLETED; exit: 0; error: -; workDir: /sc1/groups/onco/Analysis/bioinfo_analyses/kimh89/SBX/bfx-ngs-AVC-225/pipeline/examples/SC1/output_single_sample_10k_params/work/cc/74d189e895ad35db51c6c21a3fd1c6]
Mar-01 16:31:31.362 [Task submitter] DEBUG nextflow.executor.LocalTaskHandler - Launch cmd line: /bin/bash -ue .command.run
Mar-01 16:31:31.362 [Task submitter] INFO  nextflow.Session - [e6/b0dbf7] Submitted process > consensusGen (cfDNA6-chrX)
Mar-01 16:31:31.477 [Task monitor] DEBUG n.processor.TaskPollingMonitor - Task completed > TaskHandler[id: 52; name: consensusGen (cfDNA6-scaffolds); status: COMPLETED; exit: 0; error: -; workDir: /sc1/groups/onco/Analysis/bioinfo_analyses/kimh89/SBX/bfx-ngs-AVC-225/pipeline/examples/SC1/output_single_sample_10k_params/work/76/4d06cefd6f80b9b1042eb6e3c1b299]
Mar-01 16:31:31.481 [Task submitter] DEBUG nextflow.executor.LocalTaskHandler - Launch cmd line: /bin/bash -ue .command.run
Mar-01 16:31:31.482 [Task submitter] INFO  nextflow.Session - [4e/efb155] Submitted process > postAln (cfDNA6-chr12)
Mar-01 16:31:31.512 [Task monitor] DEBUG n.processor.TaskPollingMonitor - Task completed > TaskHandler[id: 53; name: consensusGen (cfDNA6-chr6); status: COMPLETED; exit: 0; error: -; workDir: /sc1/groups/onco/Analysis/bioinfo_analyses/kimh89/SBX/bfx-ngs-AVC-225/pipeline/examples/SC1/output_single_sample_10k_params/work/96/bb3df4e5c56ab1571a223b0ac97073]
Mar-01 16:31:31.516 [Task submitter] DEBUG nextflow.executor.LocalTaskHandler - Launch cmd line: /bin/bash -ue .command.run
Mar-01 16:31:31.516 [Task submitter] INFO  nextflow.Session - [de/1b4bbc] Submitted process > postAln (cfDNA6-chr17)
Mar-01 16:31:34.321 [Task monitor] DEBUG n.processor.TaskPollingMonitor - Task completed > TaskHandler[id: 54; name: consensusGen (cfDNA6-chrX); status: COMPLETED; exit: 0; error: -; workDir: /sc1/groups/onco/Analysis/bioinfo_analyses/kimh89/SBX/bfx-ngs-AVC-225/pipeline/examples/SC1/output_single_sample_10k_params/work/e6/b0dbf701c76f7e89208aae6831f908]
Mar-01 16:31:34.326 [Task submitter] DEBUG nextflow.executor.LocalTaskHandler - Launch cmd line: /bin/bash -ue .command.run
Mar-01 16:31:34.326 [Task submitter] INFO  nextflow.Session - [69/6898db] Submitted process > postAln (cfDNA6-chr16)
Mar-01 16:31:34.474 [Task monitor] DEBUG n.processor.TaskPollingMonitor - Task completed > TaskHandler[id: 55; name: postAln (cfDNA6-chr12); status: COMPLETED; exit: 0; error: -; workDir: /sc1/groups/onco/Analysis/bioinfo_analyses/kimh89/SBX/bfx-ngs-AVC-225/pipeline/examples/SC1/output_single_sample_10k_params/work/4e/efb155ede4df8b37a9826050af04c5]
Mar-01 16:31:34.479 [Task submitter] DEBUG nextflow.executor.LocalTaskHandler - Launch cmd line: /bin/bash -ue .command.run
Mar-01 16:31:34.479 [Task submitter] INFO  nextflow.Session - [15/6a290b] Submitted process > postAln (cfDNA6-chr9)
Mar-01 16:31:34.498 [Task monitor] DEBUG n.processor.TaskPollingMonitor - Task completed > TaskHandler[id: 56; name: postAln (cfDNA6-chr17); status: COMPLETED; exit: 0; error: -; workDir: /sc1/groups/onco/Analysis/bioinfo_analyses/kimh89/SBX/bfx-ngs-AVC-225/pipeline/examples/SC1/output_single_sample_10k_params/work/de/1b4bbc6d1d909264dc14b1e61d6318]
Mar-01 16:31:34.503 [Task submitter] DEBUG nextflow.executor.LocalTaskHandler - Launch cmd line: /bin/bash -ue .command.run
Mar-01 16:31:34.503 [Task submitter] INFO  nextflow.Session - [d2/44c6c1] Submitted process > postAln (cfDNA6-chr20)
Mar-01 16:31:38.183 [Task monitor] DEBUG n.processor.TaskPollingMonitor - Task completed > TaskHandler[id: 58; name: postAln (cfDNA6-chr9); status: COMPLETED; exit: 0; error: -; workDir: /sc1/groups/onco/Analysis/bioinfo_analyses/kimh89/SBX/bfx-ngs-AVC-225/pipeline/examples/SC1/output_single_sample_10k_params/work/15/6a290bb42b69ad6dd88e626e0552d4]
Mar-01 16:31:38.187 [Task submitter] DEBUG nextflow.executor.LocalTaskHandler - Launch cmd line: /bin/bash -ue .command.run
Mar-01 16:31:38.187 [Task submitter] INFO  nextflow.Session - [07/88c567] Submitted process > postAln (cfDNA6-chr15)
Mar-01 16:31:38.206 [Task monitor] DEBUG n.processor.TaskPollingMonitor - Task completed > TaskHandler[id: 57; name: postAln (cfDNA6-chr16); status: COMPLETED; exit: 0; error: -; workDir: /sc1/groups/onco/Analysis/bioinfo_analyses/kimh89/SBX/bfx-ngs-AVC-225/pipeline/examples/SC1/output_single_sample_10k_params/work/69/6898dba5a2201b12f816f5c0370125]
Mar-01 16:31:38.210 [Task monitor] DEBUG n.processor.TaskPollingMonitor - Task completed > TaskHandler[id: 59; name: postAln (cfDNA6-chr20); status: COMPLETED; exit: 0; error: -; workDir: /sc1/groups/onco/Analysis/bioinfo_analyses/kimh89/SBX/bfx-ngs-AVC-225/pipeline/examples/SC1/output_single_sample_10k_params/work/d2/44c6c15623a0220e06a45554b9d130]
Mar-01 16:31:38.210 [Task submitter] DEBUG nextflow.executor.LocalTaskHandler - Launch cmd line: /bin/bash -ue .command.run
Mar-01 16:31:38.210 [Task submitter] INFO  nextflow.Session - [27/ac5c44] Submitted process > postAln (cfDNA6-chr2)
Mar-01 16:31:38.213 [Task submitter] DEBUG nextflow.executor.LocalTaskHandler - Launch cmd line: /bin/bash -ue .command.run
Mar-01 16:31:38.214 [Task submitter] INFO  nextflow.Session - [7a/76a136] Submitted process > postAln (cfDNA6-chr13)
Mar-01 16:31:41.415 [Task monitor] DEBUG n.processor.TaskPollingMonitor - Task completed > TaskHandler[id: 62; name: postAln (cfDNA6-chr13); status: COMPLETED; exit: 0; error: -; workDir: /sc1/groups/onco/Analysis/bioinfo_analyses/kimh89/SBX/bfx-ngs-AVC-225/pipeline/examples/SC1/output_single_sample_10k_params/work/7a/76a136eeed492b17ba2679c5141abb]
Mar-01 16:31:41.420 [Task submitter] DEBUG nextflow.executor.LocalTaskHandler - Launch cmd line: /bin/bash -ue .command.run
Mar-01 16:31:41.420 [Task submitter] INFO  nextflow.Session - [1f/3c86a8] Submitted process > postAln (cfDNA6-chr19)
Mar-01 16:31:41.436 [Task monitor] DEBUG n.processor.TaskPollingMonitor - Task completed > TaskHandler[id: 60; name: postAln (cfDNA6-chr15); status: COMPLETED; exit: 0; error: -; workDir: /sc1/groups/onco/Analysis/bioinfo_analyses/kimh89/SBX/bfx-ngs-AVC-225/pipeline/examples/SC1/output_single_sample_10k_params/work/07/88c5674632e1f49636e4acc476c8b2]
Mar-01 16:31:41.440 [Task submitter] DEBUG nextflow.executor.LocalTaskHandler - Launch cmd line: /bin/bash -ue .command.run
Mar-01 16:31:41.440 [Task monitor] DEBUG n.processor.TaskPollingMonitor - Task completed > TaskHandler[id: 61; name: postAln (cfDNA6-chr2); status: COMPLETED; exit: 0; error: -; workDir: /sc1/groups/onco/Analysis/bioinfo_analyses/kimh89/SBX/bfx-ngs-AVC-225/pipeline/examples/SC1/output_single_sample_10k_params/work/27/ac5c44def356be8786e6201cfaebd2]
Mar-01 16:31:41.440 [Task submitter] INFO  nextflow.Session - [35/b6bc53] Submitted process > postAln (cfDNA6-chr1)
Mar-01 16:31:41.443 [Task submitter] DEBUG nextflow.executor.LocalTaskHandler - Launch cmd line: /bin/bash -ue .command.run
Mar-01 16:31:41.444 [Task submitter] INFO  nextflow.Session - [30/39e3a5] Submitted process > postAln (cfDNA6-chr4)
Mar-01 16:31:45.022 [Task monitor] DEBUG n.processor.TaskPollingMonitor - Task completed > TaskHandler[id: 63; name: postAln (cfDNA6-chr19); status: COMPLETED; exit: 0; error: -; workDir: /sc1/groups/onco/Analysis/bioinfo_analyses/kimh89/SBX/bfx-ngs-AVC-225/pipeline/examples/SC1/output_single_sample_10k_params/work/1f/3c86a86e0a078990b78e43bcea19a4]
Mar-01 16:31:45.026 [Task submitter] DEBUG nextflow.executor.LocalTaskHandler - Launch cmd line: /bin/bash -ue .command.run
Mar-01 16:31:45.026 [Task submitter] INFO  nextflow.Session - [35/8a99c1] Submitted process > postAln (cfDNA6-chr14)
Mar-01 16:31:45.054 [Task monitor] DEBUG n.processor.TaskPollingMonitor - Task completed > TaskHandler[id: 64; name: postAln (cfDNA6-chr1); status: COMPLETED; exit: 0; error: -; workDir: /sc1/groups/onco/Analysis/bioinfo_analyses/kimh89/SBX/bfx-ngs-AVC-225/pipeline/examples/SC1/output_single_sample_10k_params/work/35/b6bc538743f2f418619aee9bfec765]
Mar-01 16:31:45.058 [Task submitter] DEBUG nextflow.executor.LocalTaskHandler - Launch cmd line: /bin/bash -ue .command.run
Mar-01 16:31:45.059 [Task submitter] INFO  nextflow.Session - [7f/61acd1] Submitted process > postAln (cfDNA6-chr11)
Mar-01 16:31:45.088 [Task monitor] DEBUG n.processor.TaskPollingMonitor - Task completed > TaskHandler[id: 65; name: postAln (cfDNA6-chr4); status: COMPLETED; exit: 0; error: -; workDir: /sc1/groups/onco/Analysis/bioinfo_analyses/kimh89/SBX/bfx-ngs-AVC-225/pipeline/examples/SC1/output_single_sample_10k_params/work/30/39e3a5992ad1358fdf57d44bdc69c1]
Mar-01 16:31:45.092 [Task submitter] DEBUG nextflow.executor.LocalTaskHandler - Launch cmd line: /bin/bash -ue .command.run
Mar-01 16:31:45.093 [Task submitter] INFO  nextflow.Session - [fe/51b0cb] Submitted process > postAln (cfDNA6-chr10)
Mar-01 16:31:48.087 [Task monitor] DEBUG n.processor.TaskPollingMonitor - Task completed > TaskHandler[id: 68; name: postAln (cfDNA6-chr10); status: COMPLETED; exit: 0; error: -; workDir: /sc1/groups/onco/Analysis/bioinfo_analyses/kimh89/SBX/bfx-ngs-AVC-225/pipeline/examples/SC1/output_single_sample_10k_params/work/fe/51b0cbeb0521e87bb3119d7518ec89]
Mar-01 16:31:48.092 [Task submitter] DEBUG nextflow.executor.LocalTaskHandler - Launch cmd line: /bin/bash -ue .command.run
Mar-01 16:31:48.092 [Task submitter] INFO  nextflow.Session - [89/56c6ac] Submitted process > postAln (cfDNA6-chr18)
Mar-01 16:31:48.121 [Task monitor] DEBUG n.processor.TaskPollingMonitor - Task completed > TaskHandler[id: 66; name: postAln (cfDNA6-chr14); status: COMPLETED; exit: 0; error: -; workDir: /sc1/groups/onco/Analysis/bioinfo_analyses/kimh89/SBX/bfx-ngs-AVC-225/pipeline/examples/SC1/output_single_sample_10k_params/work/35/8a99c164a9ea6c1dbfe9c0f4349132]
Mar-01 16:31:48.124 [Task monitor] DEBUG n.processor.TaskPollingMonitor - Task completed > TaskHandler[id: 67; name: postAln (cfDNA6-chr11); status: COMPLETED; exit: 0; error: -; workDir: /sc1/groups/onco/Analysis/bioinfo_analyses/kimh89/SBX/bfx-ngs-AVC-225/pipeline/examples/SC1/output_single_sample_10k_params/work/7f/61acd15981eb27377b272a77f65efd]
Mar-01 16:31:48.124 [Task submitter] DEBUG nextflow.executor.LocalTaskHandler - Launch cmd line: /bin/bash -ue .command.run
Mar-01 16:31:48.125 [Task submitter] INFO  nextflow.Session - [06/e737ac] Submitted process > postAln (cfDNA6-chrM)
Mar-01 16:31:48.129 [Task submitter] DEBUG nextflow.executor.LocalTaskHandler - Launch cmd line: /bin/bash -ue .command.run
Mar-01 16:31:48.129 [Task submitter] INFO  nextflow.Session - [21/ec6c45] Submitted process > postAln (cfDNA6-chr21)
Mar-01 16:31:51.191 [Task monitor] DEBUG n.processor.TaskPollingMonitor - Task completed > TaskHandler[id: 70; name: postAln (cfDNA6-chrM); status: COMPLETED; exit: 0; error: -; workDir: /sc1/groups/onco/Analysis/bioinfo_analyses/kimh89/SBX/bfx-ngs-AVC-225/pipeline/examples/SC1/output_single_sample_10k_params/work/06/e737ac792bb2039b2c2971990a5db2]
Mar-01 16:31:51.195 [Task submitter] DEBUG nextflow.executor.LocalTaskHandler - Launch cmd line: /bin/bash -ue .command.run
Mar-01 16:31:51.196 [Task submitter] INFO  nextflow.Session - [ef/972c40] Submitted process > postAln (cfDNA6-chr7)
Mar-01 16:31:51.216 [Task monitor] DEBUG n.processor.TaskPollingMonitor - Task completed > TaskHandler[id: 69; name: postAln (cfDNA6-chr18); status: COMPLETED; exit: 0; error: -; workDir: /sc1/groups/onco/Analysis/bioinfo_analyses/kimh89/SBX/bfx-ngs-AVC-225/pipeline/examples/SC1/output_single_sample_10k_params/work/89/56c6ac122f2b8acd5d836ca5d300cf]
Mar-01 16:31:51.219 [Task submitter] DEBUG nextflow.executor.LocalTaskHandler - Launch cmd line: /bin/bash -ue .command.run
Mar-01 16:31:51.219 [Task submitter] INFO  nextflow.Session - [fe/be24f3] Submitted process > postAln (cfDNA6-chr8)
Mar-01 16:31:51.219 [Task monitor] DEBUG n.processor.TaskPollingMonitor - Task completed > TaskHandler[id: 71; name: postAln (cfDNA6-chr21); status: COMPLETED; exit: 0; error: -; workDir: /sc1/groups/onco/Analysis/bioinfo_analyses/kimh89/SBX/bfx-ngs-AVC-225/pipeline/examples/SC1/output_single_sample_10k_params/work/21/ec6c45f11a104ccf737b38a9ead49f]
Mar-01 16:31:51.223 [Task submitter] DEBUG nextflow.executor.LocalTaskHandler - Launch cmd line: /bin/bash -ue .command.run
Mar-01 16:31:51.223 [Task submitter] INFO  nextflow.Session - [37/1e3675] Submitted process > postAln (cfDNA6-chrY)
Mar-01 16:31:54.176 [Task monitor] DEBUG n.processor.TaskPollingMonitor - Task completed > TaskHandler[id: 72; name: postAln (cfDNA6-chr7); status: COMPLETED; exit: 0; error: -; workDir: /sc1/groups/onco/Analysis/bioinfo_analyses/kimh89/SBX/bfx-ngs-AVC-225/pipeline/examples/SC1/output_single_sample_10k_params/work/ef/972c40673b497cf8f4ae9b9a9046e4]
Mar-01 16:31:54.183 [Task submitter] DEBUG nextflow.executor.LocalTaskHandler - Launch cmd line: /bin/bash -ue .command.run
Mar-01 16:31:54.183 [Task submitter] INFO  nextflow.Session - [25/132efb] Submitted process > postAln (cfDNA6-chr22)
Mar-01 16:31:54.296 [Task monitor] DEBUG n.processor.TaskPollingMonitor - Task completed > TaskHandler[id: 74; name: postAln (cfDNA6-chrY); status: COMPLETED; exit: 0; error: -; workDir: /sc1/groups/onco/Analysis/bioinfo_analyses/kimh89/SBX/bfx-ngs-AVC-225/pipeline/examples/SC1/output_single_sample_10k_params/work/37/1e36754c6bfecdcf56bbeaaf2fe217]
Mar-01 16:31:54.300 [Task submitter] DEBUG nextflow.executor.LocalTaskHandler - Launch cmd line: /bin/bash -ue .command.run
Mar-01 16:31:54.300 [Task submitter] INFO  nextflow.Session - [b0/473bce] Submitted process > postAln (cfDNA6-chr3)
Mar-01 16:31:54.330 [Task monitor] DEBUG n.processor.TaskPollingMonitor - Task completed > TaskHandler[id: 73; name: postAln (cfDNA6-chr8); status: COMPLETED; exit: 0; error: -; workDir: /sc1/groups/onco/Analysis/bioinfo_analyses/kimh89/SBX/bfx-ngs-AVC-225/pipeline/examples/SC1/output_single_sample_10k_params/work/fe/be24f3df136dd8240c1f75c92b4385]
Mar-01 16:31:54.335 [Task submitter] DEBUG nextflow.executor.LocalTaskHandler - Launch cmd line: /bin/bash -ue .command.run
Mar-01 16:31:54.335 [Task submitter] INFO  nextflow.Session - [1f/023f5c] Submitted process > postAln (cfDNA6-chr5)
Mar-01 16:31:57.359 [Task monitor] DEBUG n.processor.TaskPollingMonitor - Task completed > TaskHandler[id: 75; name: postAln (cfDNA6-chr22); status: COMPLETED; exit: 0; error: -; workDir: /sc1/groups/onco/Analysis/bioinfo_analyses/kimh89/SBX/bfx-ngs-AVC-225/pipeline/examples/SC1/output_single_sample_10k_params/work/25/132efb3dc4e514acba8d1f4b69539e]
Mar-01 16:31:57.363 [Task monitor] DEBUG n.processor.TaskPollingMonitor - Task completed > TaskHandler[id: 76; name: postAln (cfDNA6-chr3); status: COMPLETED; exit: 0; error: -; workDir: /sc1/groups/onco/Analysis/bioinfo_analyses/kimh89/SBX/bfx-ngs-AVC-225/pipeline/examples/SC1/output_single_sample_10k_params/work/b0/473bce71c8d505b204cf0bf881f952]
Mar-01 16:31:57.365 [Task submitter] DEBUG nextflow.executor.LocalTaskHandler - Launch cmd line: /bin/bash -ue .command.run
Mar-01 16:31:57.365 [Task submitter] INFO  nextflow.Session - [d8/726a05] Submitted process > postAln (cfDNA6-scaffolds)
Mar-01 16:31:57.369 [Task submitter] DEBUG nextflow.executor.LocalTaskHandler - Launch cmd line: /bin/bash -ue .command.run
Mar-01 16:31:57.369 [Task submitter] INFO  nextflow.Session - [85/1e1698] Submitted process > postAln (cfDNA6-chr6)
Mar-01 16:31:57.378 [Task monitor] DEBUG n.processor.TaskPollingMonitor - Task completed > TaskHandler[id: 77; name: postAln (cfDNA6-chr5); status: COMPLETED; exit: 0; error: -; workDir: /sc1/groups/onco/Analysis/bioinfo_analyses/kimh89/SBX/bfx-ngs-AVC-225/pipeline/examples/SC1/output_single_sample_10k_params/work/1f/023f5c925e91157fa0308c3f09e5bb]
Mar-01 16:31:57.382 [Task submitter] DEBUG nextflow.executor.LocalTaskHandler - Launch cmd line: /bin/bash -ue .command.run
Mar-01 16:31:57.382 [Task submitter] INFO  nextflow.Session - [dd/ec9bf1] Submitted process > postAln (cfDNA6-chrX)
Mar-01 16:32:00.300 [Task monitor] DEBUG n.processor.TaskPollingMonitor - Task completed > TaskHandler[id: 80; name: postAln (cfDNA6-chrX); status: COMPLETED; exit: 0; error: -; workDir: /sc1/groups/onco/Analysis/bioinfo_analyses/kimh89/SBX/bfx-ngs-AVC-225/pipeline/examples/SC1/output_single_sample_10k_params/work/dd/ec9bf111d347edb4e744249e4ca439]
Mar-01 16:32:00.373 [Task monitor] DEBUG n.processor.TaskPollingMonitor - Task completed > TaskHandler[id: 78; name: postAln (cfDNA6-scaffolds); status: COMPLETED; exit: 0; error: -; workDir: /sc1/groups/onco/Analysis/bioinfo_analyses/kimh89/SBX/bfx-ngs-AVC-225/pipeline/examples/SC1/output_single_sample_10k_params/work/d8/726a0566ee07dcd3850aaf24a5bbe0]
Mar-01 16:32:00.418 [Task monitor] DEBUG n.processor.TaskPollingMonitor - Task completed > TaskHandler[id: 79; name: postAln (cfDNA6-chr6); status: COMPLETED; exit: 0; error: -; workDir: /sc1/groups/onco/Analysis/bioinfo_analyses/kimh89/SBX/bfx-ngs-AVC-225/pipeline/examples/SC1/output_single_sample_10k_params/work/85/1e169881680bf3f8249361565b05ce]
Mar-01 16:32:00.453 [Task submitter] DEBUG nextflow.executor.LocalTaskHandler - Launch cmd line: /bin/bash -ue .command.run
Mar-01 16:32:00.453 [Task submitter] INFO  nextflow.Session - [39/9e68a1] Submitted process > mergeBam (mergeBam-cfDNA6)
Mar-01 16:32:01.260 [Task monitor] DEBUG n.processor.TaskPollingMonitor - Task completed > TaskHandler[id: 81; name: mergeBam (mergeBam-cfDNA6); status: COMPLETED; exit: 0; error: -; workDir: /sc1/groups/onco/Analysis/bioinfo_analyses/kimh89/SBX/bfx-ngs-AVC-225/pipeline/examples/SC1/output_single_sample_10k_params/work/39/9e68a1982155d15ca69a88fb645f84]
Mar-01 16:32:01.263 [main] DEBUG nextflow.Session - Session await > all process finished
Mar-01 16:32:01.264 [main] DEBUG nextflow.Session - Session await > all barriers passed
Mar-01 16:32:01.284 [main] DEBUG nextflow.trace.WorkflowStatsObserver - Workflow completed > WorkflowStats[succeededCount=81; failedCount=0; ignoredCount=0; cachedCount=0; pendingCount=0; submittedCount=0; runningCount=0; retriesCount=0; abortedCount=0; succeedDuration=9m 34s; failedDuration=0ms; cachedDuration=0ms;loadCpus=0; loadMemory=0; peakRunning=3; peakCpus=24; peakMemory=96 GB; ]
Mar-01 16:32:01.284 [main] DEBUG nextflow.trace.TraceFileObserver - Flow completing -- flushing trace file
Mar-01 16:32:01.286 [main] DEBUG nextflow.trace.ReportObserver - Flow completing -- rendering html report
Mar-01 16:32:01.344 [main] DEBUG nextflow.trace.ReportObserver - Execution report summary data:
  [{"cpuUsage":{"mean":2.83,"min":2.83,"q1":2.83,"q2":2.83,"q3":2.83,"max":2.83,"minLabel":"align (cfDNA6)","maxLabel":"align (cfDNA6)","q1Label":"align (cfDNA6)","q2Label":"align (cfDNA6)","q3Label":"align (cfDNA6)"},"process":"align","mem":{"mean":4965707776,"min":4965707776,"q1":4965707776,"q2":4965707776,"q3":4965707776,"max":4965707776,"minLabel":"align (cfDNA6)","maxLabel":"align (cfDNA6)","q1Label":"align (cfDNA6)","q2Label":"align (cfDNA6)","q3Label":"align (cfDNA6)"},"memUsage":{"mean":14.45,"min":14.45,"q1":14.45,"q2":14.45,"q3":14.45,"max":14.45,"minLabel":"align (cfDNA6)","maxLabel":"align (cfDNA6)","q1Label":"align (cfDNA6)","q2Label":"align (cfDNA6)","q3Label":"align (cfDNA6)"},"timeUsage":null,"vmem":{"mean":5450612736,"min":5450612736,"q1":5450612736,"q2":5450612736,"q3":5450612736,"max":5450612736,"minLabel":"align (cfDNA6)","maxLabel":"align (cfDNA6)","q1Label":"align (cfDNA6)","q2Label":"align (cfDNA6)","q3Label":"align (cfDNA6)"},"reads":{"mean":5436287029,"min":5436287029,"q1":5436287029,"q2":5436287029,"q3":5436287029,"max":5436287029,"minLabel":"align (cfDNA6)","maxLabel":"align (cfDNA6)","q1Label":"align (cfDNA6)","q2Label":"align (cfDNA6)","q3Label":"align (cfDNA6)"},"cpu":{"mean":22.6,"min":22.6,"q1":22.6,"q2":22.6,"q3":22.6,"max":22.6,"minLabel":"align (cfDNA6)","maxLabel":"align (cfDNA6)","q1Label":"align (cfDNA6)","q2Label":"align (cfDNA6)","q3Label":"align (cfDNA6)"},"time":{"mean":10275,"min":10275,"q1":10275,"q2":10275,"q3":10275,"max":10275,"minLabel":"align (cfDNA6)","maxLabel":"align (cfDNA6)","q1Label":"align (cfDNA6)","q2Label":"align (cfDNA6)","q3Label":"align (cfDNA6)"},"writes":{"mean":1772664,"min":1772664,"q1":1772664,"q2":1772664,"q3":1772664,"max":1772664,"minLabel":"align (cfDNA6)","maxLabel":"align (cfDNA6)","q1Label":"align (cfDNA6)","q2Label":"align (cfDNA6)","q3Label":"align (cfDNA6)"}},{"cpuUsage":{"mean":41.95,"min":41.95,"q1":41.95,"q2":41.95,"q3":41.95,"max":41.95,"minLabel":"splitBam (cfDNA6)","maxLabel":"splitBam (cfDNA6)","q1Label":"splitBam (cfDNA6)","q2Label":"splitBam (cfDNA6)","q3Label":"splitBam (cfDNA6)"},"process":"splitBam","mem":{"mean":1552384,"min":1552384,"q1":1552384,"q2":1552384,"q3":1552384,"max":1552384,"minLabel":"splitBam (cfDNA6)","maxLabel":"splitBam (cfDNA6)","q1Label":"splitBam (cfDNA6)","q2Label":"splitBam (cfDNA6)","q3Label":"splitBam (cfDNA6)"},"memUsage":{"mean":0.02,"min":0.02,"q1":0.02,"q2":0.02,"q3":0.02,"max":0.02,"minLabel":"splitBam (cfDNA6)","maxLabel":"splitBam (cfDNA6)","q1Label":"splitBam (cfDNA6)","q2Label":"splitBam (cfDNA6)","q3Label":"splitBam (cfDNA6)"},"timeUsage":null,"vmem":{"mean":4071424,"min":4071424,"q1":4071424,"q2":4071424,"q3":4071424,"max":4071424,"minLabel":"splitBam (cfDNA6)","maxLabel":"splitBam (cfDNA6)","q1Label":"splitBam (cfDNA6)","q2Label":"splitBam (cfDNA6)","q3Label":"splitBam (cfDNA6)"},"reads":{"mean":36745154,"min":36745154,"q1":36745154,"q2":36745154,"q3":36745154,"max":36745154,"minLabel":"splitBam (cfDNA6)","maxLabel":"splitBam (cfDNA6)","q1Label":"splitBam (cfDNA6)","q2Label":"splitBam (cfDNA6)","q3Label":"splitBam (cfDNA6)"},"cpu":{"mean":83.9,"min":83.9,"q1":83.9,"q2":83.9,"q3":83.9,"max":83.9,"minLabel":"splitBam (cfDNA6)","maxLabel":"splitBam (cfDNA6)","q1Label":"splitBam (cfDNA6)","q2Label":"splitBam (cfDNA6)","q3Label":"splitBam (cfDNA6)"},"time":{"mean":539,"min":539,"q1":539,"q2":539,"q3":539,"max":539,"minLabel":"splitBam (cfDNA6)","maxLabel":"splitBam (cfDNA6)","q1Label":"splitBam (cfDNA6)","q2Label":"splitBam (cfDNA6)","q3Label":"splitBam (cfDNA6)"},"writes":{"mean":2938762,"min":2938762,"q1":2938762,"q2":2938762,"q3":2938762,"max":2938762,"minLabel":"splitBam (cfDNA6)","maxLabel":"splitBam (cfDNA6)","q1Label":"splitBam (cfDNA6)","q2Label":"splitBam (cfDNA6)","q3Label":"splitBam (cfDNA6)"}},{"cpuUsage":{"mean":19.59,"min":10.09,"q1":17.33,"q2":20.89,"q3":23.03,"max":25,"minLabel":"umiCluster (cfDNA6-chr16)","maxLabel":"umiCluster (cfDNA6-chr22)","q1Label":"umiCluster (cfDNA6-chr8)","q2Label":"umiCluster (cfDNA6-chr1)","q3Label":"umiCluster (cfDNA6-chr3)"},"process":"umiCluster","mem":{"mean":1798459.08,"min":1613824,"q1":1613824,"q2":1613824,"q3":1613824,"max":3219456,"minLabel":"umiCluster (cfDNA6-chr9)","maxLabel":"umiCluster (cfDNA6-chr17)","q1Label":"umiCluster (cfDNA6-chr1)","q2Label":"umiCluster (cfDNA6-chrM)","q3Label":"umiCluster (cfDNA6-chr22)"},"memUsage":{"mean":0.01,"min":0,"q1":0,"q2":0,"q3":0,"max":0.01,"minLabel":"umiCluster (cfDNA6-chr9)","maxLabel":"umiCluster (cfDNA6-chr17)","q1Label":"umiCluster (cfDNA6-chr1)","q2Label":"umiCluster (cfDNA6-chrM)","q3Label":"umiCluster (cfDNA6-chr22)"},"timeUsage":null,"vmem":{"mean":22486724.92,"min":18821120,"q1":18821120,"q2":18821120,"q3":18821120,"max":50589696,"minLabel":"umiCluster (cfDNA6-chr9)","maxLabel":"umiCluster (cfDNA6-chr16)","q1Label":"umiCluster (cfDNA6-chr1)","q2Label":"umiCluster (cfDNA6-chrM)","q3Label":"umiCluster (cfDNA6-chr22)"},"reads":{"mean":348679.77,"min":297921,"q1":326669.25,"q2":342168,"q3":383910.5,"max":418130,"minLabel":"umiCluster (cfDNA6-chrM)","maxLabel":"umiCluster (cfDNA6-chr2)","q1Label":"umiCluster (cfDNA6-chr18)","q2Label":"umiCluster (cfDNA6-chrX)","q3Label":"umiCluster (cfDNA6-chr9)"},"cpu":{"mean":156.7,"min":80.7,"q1":138.6,"q2":167.15,"q3":184.25,"max":200,"minLabel":"umiCluster (cfDNA6-chr16)","maxLabel":"umiCluster (cfDNA6-chr22)","q1Label":"umiCluster (cfDNA6-chr8)","q2Label":"umiCluster (cfDNA6-chr1)","q3Label":"umiCluster (cfDNA6-chr3)"},"time":{"mean":31.88,"min":22,"q1":25,"q2":27,"q3":30,"max":71,"minLabel":"umiCluster (cfDNA6-chrM)","maxLabel":"umiCluster (cfDNA6-chr16)","q1Label":"umiCluster (cfDNA6-chr19)","q2Label":"umiCluster (cfDNA6-chr13)","q3Label":"umiCluster (cfDNA6-chrY)"},"writes":{"mean":14660.31,"min":3076,"q1":5922.5,"q2":9435.5,"q3":23827,"max":40643,"minLabel":"umiCluster (cfDNA6-chrM)","maxLabel":"umiCluster (cfDNA6-chr7)","q1Label":"umiCluster (cfDNA6-chr14)","q2Label":"umiCluster (cfDNA6-chr22)","q3Label":"umiCluster (cfDNA6-chr5)"}},{"cpuUsage":{"mean":15.02,"min":9.64,"q1":13.28,"q2":15.58,"q3":16.66,"max":18.81,"minLabel":"consensusGen (cfDNA6-chr12)","maxLabel":"consensusGen (cfDNA6-chr7)","q1Label":"consensusGen (cfDNA6-scaffolds)","q2Label":"consensusGen (cfDNA6-chr11)","q3Label":"consensusGen (cfDNA6-chr20)"},"process":"consensusGen","mem":{"mean":1384132.92,"min":0,"q1":1564672,"q2":1564672,"q3":1564672,"max":1564672,"minLabel":"consensusGen (cfDNA6-chrM)","maxLabel":"consensusGen (cfDNA6-chrX)","q1Label":"consensusGen (cfDNA6-chr9)","q2Label":"consensusGen (cfDNA6-chr1)","q3Label":"consensusGen (cfDNA6-chr7)"},"memUsage":null,"timeUsage":null,"vmem":{"mean":3601644.31,"min":0,"q1":4071424,"q2":4071424,"q3":4071424,"max":4071424,"minLabel":"consensusGen (cfDNA6-chrM)","maxLabel":"consensusGen (cfDNA6-chrX)","q1Label":"consensusGen (cfDNA6-chr9)","q2Label":"consensusGen (cfDNA6-chr1)","q3Label":"consensusGen (cfDNA6-chr7)"},"reads":{"mean":86952.08,"min":79665,"q1":81124,"q2":83662,"q3":92928.25,"max":104001,"minLabel":"consensusGen (cfDNA6-chrY)","maxLabel":"consensusGen (cfDNA6-chr7)","q1Label":"consensusGen (cfDNA6-chr14)","q2Label":"consensusGen (cfDNA6-chr22)","q3Label":"consensusGen (cfDNA6-chr5)"},"cpu":{"mean":120.13,"min":77.1,"q1":106.2,"q2":124.65,"q3":133.3,"max":150.5,"minLabel":"consensusGen (cfDNA6-chr12)","maxLabel":"consensusGen (cfDNA6-chr7)","q1Label":"consensusGen (cfDNA6-scaffolds)","q2Label":"consensusGen (cfDNA6-chr11)","q3Label":"consensusGen (cfDNA6-chr20)"},"time":{"mean":18.04,"min":11,"q1":15,"q2":18.5,"q3":21.75,"max":31,"minLabel":"consensusGen (cfDNA6-chrM)","maxLabel":"consensusGen (cfDNA6-chr12)","q1Label":"consensusGen (cfDNA6-chr16)","q2Label":"consensusGen (cfDNA6-chr3)","q3Label":"consensusGen (cfDNA6-chr9)"},"writes":{"mean":9808.77,"min":809,"q1":2604.25,"q2":5594.5,"q3":17207.75,"max":30907,"minLabel":"consensusGen (cfDNA6-chrY)","maxLabel":"consensusGen (cfDNA6-chr7)","q1Label":"consensusGen (cfDNA6-chr14)","q2Label":"consensusGen (cfDNA6-chr22)","q3Label":"consensusGen (cfDNA6-chr5)"}},{"cpuUsage":{"mean":12.5,"min":12,"q1":12.48,"q2":12.52,"q3":12.6,"max":12.64,"minLabel":"postAln (cfDNA6-chr22)","maxLabel":"postAln (cfDNA6-chr7)","q1Label":"postAln (cfDNA6-chr16)","q2Label":"postAln (cfDNA6-scaffolds)","q3Label":"postAln (cfDNA6-chr15)"},"process":"postAln","mem":{"mean":5153177284.92,"min":4951044096,"q1":5078446080,"q2":5129302016,"q3":5232586752,"max":5362085888,"minLabel":"postAln (cfDNA6-chr20)","maxLabel":"postAln (cfDNA6-chrX)","q1Label":"postAln (cfDNA6-chrY)","q2Label":"postAln (cfDNA6-scaffolds)","q3Label":"postAln (cfDNA6-chrM)"},"memUsage":{"mean":15,"min":14.41,"q1":14.78,"q2":14.93,"q3":15.23,"max":15.61,"minLabel":"postAln (cfDNA6-chr20)","maxLabel":"postAln (cfDNA6-chrX)","q1Label":"postAln (cfDNA6-chrY)","q2Label":"postAln (cfDNA6-scaffolds)","q3Label":"postAln (cfDNA6-chrM)"},"timeUsage":null,"vmem":{"mean":5450612736,"min":5450612736,"q1":5450612736,"q2":5450612736,"q3":5450612736,"max":5450612736,"minLabel":"postAln (cfDNA6-chr12)","maxLabel":"postAln (cfDNA6-chr6)","q1Label":"postAln (cfDNA6-chr15)","q2Label":"postAln (cfDNA6-chr14)","q3Label":"postAln (cfDNA6-chrY)"},"reads":{"mean":5435768417.35,"min":5435738613,"q1":5435745692,"q2":5435756715,"q3":5435792767.5,"max":5435829347,"minLabel":"postAln (cfDNA6-chrY)","maxLabel":"postAln (cfDNA6-chr7)","q1Label":"postAln (cfDNA6-chr14)","q2Label":"postAln (cfDNA6-chr22)","q3Label":"postAln (cfDNA6-chr5)"},"cpu":{"mean":100.02,"min":96,"q1":99.8,"q2":100.15,"q3":100.78,"max":101.1,"minLabel":"postAln (cfDNA6-chr22)","maxLabel":"postAln (cfDNA6-chr7)","q1Label":"postAln (cfDNA6-chr16)","q2Label":"postAln (cfDNA6-scaffolds)","q3Label":"postAln (cfDNA6-chr15)"},"time":{"mean":2309.19,"min":2233,"q1":2268.5,"q2":2320,"q3":2338.75,"max":2402,"minLabel":"postAln (cfDNA6-chr19)","maxLabel":"postAln (cfDNA6-chr20)","q1Label":"postAln (cfDNA6-chr18)","q2Label":"postAln (cfDNA6-chr6)","q3Label":"postAln (cfDNA6-chr8)"},"writes":{"mean":241079.92,"min":181405,"q1":210821.25,"q2":230500.5,"q3":285895.75,"max":324177,"minLabel":"postAln (cfDNA6-chrY)","maxLabel":"postAln (cfDNA6-chr2)","q1Label":"postAln (cfDNA6-chr18)","q2Label":"postAln (cfDNA6-chr11)","q3Label":"postAln (cfDNA6-chr9)"}},{"cpuUsage":{"mean":28.95,"min":28.95,"q1":28.95,"q2":28.95,"q3":28.95,"max":28.95,"minLabel":"mergeBam (mergeBam-cfDNA6)","maxLabel":"mergeBam (mergeBam-cfDNA6)","q1Label":"mergeBam (mergeBam-cfDNA6)","q2Label":"mergeBam (mergeBam-cfDNA6)","q3Label":"mergeBam (mergeBam-cfDNA6)"},"process":"mergeBam","mem":{"mean":6361088,"min":6361088,"q1":6361088,"q2":6361088,"q3":6361088,"max":6361088,"minLabel":"mergeBam (mergeBam-cfDNA6)","maxLabel":"mergeBam (mergeBam-cfDNA6)","q1Label":"mergeBam (mergeBam-cfDNA6)","q2Label":"mergeBam (mergeBam-cfDNA6)","q3Label":"mergeBam (mergeBam-cfDNA6)"},"memUsage":{"mean":0.07,"min":0.07,"q1":0.07,"q2":0.07,"q3":0.07,"max":0.07,"minLabel":"mergeBam (mergeBam-cfDNA6)","maxLabel":"mergeBam (mergeBam-cfDNA6)","q1Label":"mergeBam (mergeBam-cfDNA6)","q2Label":"mergeBam (mergeBam-cfDNA6)","q3Label":"mergeBam (mergeBam-cfDNA6)"},"timeUsage":null,"vmem":{"mean":14782464,"min":14782464,"q1":14782464,"q2":14782464,"q3":14782464,"max":14782464,"minLabel":"mergeBam (mergeBam-cfDNA6)","maxLabel":"mergeBam (mergeBam-cfDNA6)","q1Label":"mergeBam (mergeBam-cfDNA6)","q2Label":"mergeBam (mergeBam-cfDNA6)","q3Label":"mergeBam (mergeBam-cfDNA6)"},"reads":{"mean":1859550,"min":1859550,"q1":1859550,"q2":1859550,"q3":1859550,"max":1859550,"minLabel":"mergeBam (mergeBam-cfDNA6)","maxLabel":"mergeBam (mergeBam-cfDNA6)","q1Label":"mergeBam (mergeBam-cfDNA6)","q2Label":"mergeBam (mergeBam-cfDNA6)","q3Label":"mergeBam (mergeBam-cfDNA6)"},"cpu":{"mean":57.9,"min":57.9,"q1":57.9,"q2":57.9,"q3":57.9,"max":57.9,"minLabel":"mergeBam (mergeBam-cfDNA6)","maxLabel":"mergeBam (mergeBam-cfDNA6)","q1Label":"mergeBam (mergeBam-cfDNA6)","q2Label":"mergeBam (mergeBam-cfDNA6)","q3Label":"mergeBam (mergeBam-cfDNA6)"},"time":{"mean":182,"min":182,"q1":182,"q2":182,"q3":182,"max":182,"minLabel":"mergeBam (mergeBam-cfDNA6)","maxLabel":"mergeBam (mergeBam-cfDNA6)","q1Label":"mergeBam (mergeBam-cfDNA6)","q2Label":"mergeBam (mergeBam-cfDNA6)","q3Label":"mergeBam (mergeBam-cfDNA6)"},"writes":{"mean":1271828,"min":1271828,"q1":1271828,"q2":1271828,"q3":1271828,"max":1271828,"minLabel":"mergeBam (mergeBam-cfDNA6)","maxLabel":"mergeBam (mergeBam-cfDNA6)","q1Label":"mergeBam (mergeBam-cfDNA6)","q2Label":"mergeBam (mergeBam-cfDNA6)","q3Label":"mergeBam (mergeBam-cfDNA6)"}}]
Mar-01 16:32:02.079 [main] DEBUG nextflow.trace.TimelineObserver - Flow completing -- rendering html timeline
Mar-01 16:32:02.104 [main] DEBUG nextflow.CacheDB - Closing CacheDB done
Mar-01 16:32:02.108 [main] DEBUG nextflow.util.SpuriousDeps - AWS S3 uploader shutdown
Mar-01 16:32:02.138 [main] DEBUG nextflow.script.ScriptRunner - > Execution complete -- Goodbye
